# FIO configure log 三  1月 27 13:30:44 CST 2016
# Configured with: './bin/fio-2.1.10/configure'
#
gcc -D_GNU_SOURCE -include config-host.h -c -o /tmp/fio-conf--16112-.o /tmp/fio-conf--16112-.c
/tmp/fio-conf--16112-.c:2:2: error: #error __ANDROID__ not defined
 #error __ANDROID__ not defined
  ^
gcc -D_GNU_SOURCE -include config-host.h -c -o /tmp/fio-conf--16112-.o /tmp/fio-conf--16112-.c
gcc -D_GNU_SOURCE -include config-host.h -c -o /tmp/fio-conf--16112-.o /tmp/fio-conf--16112-.c
/tmp/fio-conf--16112-.c:2:2: error: #error __i386__ not defined
 #error __i386__ not defined
  ^
gcc -D_GNU_SOURCE -include config-host.h -c -o /tmp/fio-conf--16112-.o /tmp/fio-conf--16112-.c
Compiling test case cross
gcc -D_GNU_SOURCE -include config-host.h -o /tmp/fio-conf--16112-.exe /tmp/fio-conf--16112-.c
Compiling test case endian
gcc -D_GNU_SOURCE -include config-host.h -o /tmp/fio-conf--16112-.exe /tmp/fio-conf--16112-.c
Compiling test case wordsize
gcc -D_GNU_SOURCE -include config-host.h -DWORDSIZE=32 -o /tmp/fio-conf--16112-.exe /tmp/fio-conf--16112-.c
/tmp/fio-conf--16112-.c: In function ‘main’:
/tmp/fio-conf--16112-.c:5:3: error: size of unnamed array is negative
   BUILD_BUG_ON(sizeof(long)*CHAR_BIT != WORDSIZE);
   ^
Compiling test case wordsize
gcc -D_GNU_SOURCE -include config-host.h -DWORDSIZE=64 -o /tmp/fio-conf--16112-.exe /tmp/fio-conf--16112-.c
Compiling test case zlib
gcc -D_GNU_SOURCE -include config-host.h -o /tmp/fio-conf--16112-.exe /tmp/fio-conf--16112-.c -lz
Compiling test case libaio
gcc -D_GNU_SOURCE -include config-host.h -o /tmp/fio-conf--16112-.exe /tmp/fio-conf--16112-.c -laio -lz
/tmp/fio-conf--16112-.c:1:20: fatal error: libaio.h: No such file or directory
 #include <libaio.h>
                    ^
compilation terminated.
Compiling test case posixaio
gcc -D_GNU_SOURCE -include config-host.h -o /tmp/fio-conf--16112-.exe /tmp/fio-conf--16112-.c -lz
/tmp/cc4eCblg.o: In function `main':
fio-conf--16112-.c:(.text+0x25): undefined reference to `aio_read'
collect2: error: ld returned 1 exit status
Compiling test case posixaio
gcc -D_GNU_SOURCE -include config-host.h -o /tmp/fio-conf--16112-.exe /tmp/fio-conf--16112-.c -lrt -lz
Compiling test case posix_aio_fsync
gcc -D_GNU_SOURCE -include config-host.h -o /tmp/fio-conf--16112-.exe /tmp/fio-conf--16112-.c -lrt -lz -lrt -lz
Compiling test case solarisaio
gcc -D_GNU_SOURCE -include config-host.h -o /tmp/fio-conf--16112-.exe /tmp/fio-conf--16112-.c -laio -lrt -lz
/tmp/fio-conf--16112-.c:2:24: fatal error: sys/asynch.h: No such file or directory
 #include <sys/asynch.h>
                        ^
compilation terminated.
Compiling test case __sync_fetch_and_add()
gcc -D_GNU_SOURCE -include config-host.h -o /tmp/fio-conf--16112-.exe /tmp/fio-conf--16112-.c -lrt -lz
Compiling test case libverbs
gcc -D_GNU_SOURCE -include config-host.h -o /tmp/fio-conf--16112-.exe /tmp/fio-conf--16112-.c -libverbs -lrt -lz
/tmp/fio-conf--16112-.c:2:29: fatal error: infiniband/arch.h: No such file or directory
 #include <infiniband/arch.h>
                             ^
compilation terminated.
Compiling test case rdma
gcc -D_GNU_SOURCE -include config-host.h -o /tmp/fio-conf--16112-.exe /tmp/fio-conf--16112-.c -lrdmacm -lrt -lz
/tmp/fio-conf--16112-.c:2:27: fatal error: rdma/rdma_cma.h: No such file or directory
 #include <rdma/rdma_cma.h>
                           ^
compilation terminated.
Compiling test case linux_fallocate
gcc -D_GNU_SOURCE -include config-host.h -o /tmp/fio-conf--16112-.exe /tmp/fio-conf--16112-.c -lrt -lz
Compiling test case posix_fadvise
gcc -D_GNU_SOURCE -include config-host.h -o /tmp/fio-conf--16112-.exe /tmp/fio-conf--16112-.c -lrt -lz
Compiling test case posix_fallocate
gcc -D_GNU_SOURCE -include config-host.h -o /tmp/fio-conf--16112-.exe /tmp/fio-conf--16112-.c -lrt -lz
Compiling test case sched_setaffinity(,,)
gcc -D_GNU_SOURCE -include config-host.h -o /tmp/fio-conf--16112-.exe /tmp/fio-conf--16112-.c -lrt -lz
Compiling test case clock_gettime
gcc -D_GNU_SOURCE -include config-host.h -o /tmp/fio-conf--16112-.exe /tmp/fio-conf--16112-.c -lrt -lz
Compiling test case clock monotonic
gcc -D_GNU_SOURCE -include config-host.h -o /tmp/fio-conf--16112-.exe /tmp/fio-conf--16112-.c -lrt -lz -lrt -lz
Compiling test case clock monotonic precise
gcc -D_GNU_SOURCE -include config-host.h -o /tmp/fio-conf--16112-.exe /tmp/fio-conf--16112-.c -lrt -lz -lrt -lz
/tmp/fio-conf--16112-.c: In function ‘main’:
/tmp/fio-conf--16112-.c:5:24: error: ‘CLOCK_MONOTONIC_PRECISE’ undeclared (first use in this function)
   return clock_gettime(CLOCK_MONOTONIC_PRECISE, NULL);
                        ^
/tmp/fio-conf--16112-.c:5:24: note: each undeclared identifier is reported only once for each function it appears in
Compiling test case gettimeofday
gcc -D_GNU_SOURCE -include config-host.h -o /tmp/fio-conf--16112-.exe /tmp/fio-conf--16112-.c -lrt -lz
Compiling test case fdatasync
gcc -D_GNU_SOURCE -include config-host.h -o /tmp/fio-conf--16112-.exe /tmp/fio-conf--16112-.c -lrt -lz
Compiling test case sync_file_range
gcc -D_GNU_SOURCE -include config-host.h -o /tmp/fio-conf--16112-.exe /tmp/fio-conf--16112-.c -lrt -lz
Compiling test case ext4 move extent
gcc -D_GNU_SOURCE -include config-host.h -o /tmp/fio-conf--16112-.exe /tmp/fio-conf--16112-.c -lrt -lz
/tmp/fio-conf--16112-.c: In function ‘main’:
/tmp/fio-conf--16112-.c:5:22: error: storage size of ‘me’ isn’t known
   struct move_extent me;
                      ^
/tmp/fio-conf--16112-.c:6:19: error: ‘EXT4_IOC_MOVE_EXT’ undeclared (first use in this function)
   return ioctl(0, EXT4_IOC_MOVE_EXT, &me);
                   ^
/tmp/fio-conf--16112-.c:6:19: note: each undeclared identifier is reported only once for each function it appears in
Compiling test case linux splice
gcc -D_GNU_SOURCE -include config-host.h -o /tmp/fio-conf--16112-.exe /tmp/fio-conf--16112-.c -lrt -lz
Compiling test case guasi
gcc -D_GNU_SOURCE -include config-host.h -o /tmp/fio-conf--16112-.exe /tmp/fio-conf--16112-.c -lrt -lz
/tmp/fio-conf--16112-.c:1:19: fatal error: guasi.h: No such file or directory
 #include <guasi.h>
                   ^
compilation terminated.
Compiling test case fusion-aw
gcc -D_GNU_SOURCE -include config-host.h -o /tmp/fio-conf--16112-.exe /tmp/fio-conf--16112-.c -L/usr/lib/fio -L/usr/lib/nvm -lnvm-primitives -lvsl -ldl -lrt -lz
/tmp/fio-conf--16112-.c:1:32: fatal error: nvm/nvm_primitives.h: No such file or directory
 #include <nvm/nvm_primitives.h>
                                ^
compilation terminated.
Compiling test case libnuma
gcc -D_GNU_SOURCE -include config-host.h -o /tmp/fio-conf--16112-.exe /tmp/fio-conf--16112-.c -lnuma -lrt -lz
/tmp/fio-conf--16112-.c:1:18: fatal error: numa.h: No such file or directory
 #include <numa.h>
                  ^
compilation terminated.
Compiling test case strsep
gcc -D_GNU_SOURCE -include config-host.h -o /tmp/fio-conf--16112-.exe /tmp/fio-conf--16112-.c -lrt -lz
/tmp/fio-conf--16112-.c: In function ‘main’:
/tmp/fio-conf--16112-.c:4:3: warning: null argument where non-null required (argument 1) [-Wnonnull]
   strsep(NULL, NULL);
   ^
/tmp/fio-conf--16112-.c:4:3: warning: null argument where non-null required (argument 2) [-Wnonnull]
Compiling test case strcasestr
gcc -D_GNU_SOURCE -include config-host.h -o /tmp/fio-conf--16112-.exe /tmp/fio-conf--16112-.c -lrt -lz
Compiling test case getopt_long_only
gcc -D_GNU_SOURCE -include config-host.h -o /tmp/fio-conf--16112-.exe /tmp/fio-conf--16112-.c -lrt -lz
Compiling test case inet_aton
gcc -D_GNU_SOURCE -include config-host.h -o /tmp/fio-conf--16112-.exe /tmp/fio-conf--16112-.c -lrt -lz
Compiling test case socklen_t
gcc -D_GNU_SOURCE -include config-host.h -o /tmp/fio-conf--16112-.exe /tmp/fio-conf--16112-.c -lrt -lz
Compiling test case __thread
gcc -D_GNU_SOURCE -include config-host.h -o /tmp/fio-conf--16112-.exe /tmp/fio-conf--16112-.c -lrt -lz
Compiling test case RUSAGE_THREAD
gcc -D_GNU_SOURCE -include config-host.h -o /tmp/fio-conf--16112-.exe /tmp/fio-conf--16112-.c -lrt -lz
Compiling test case SCHED_IDLE
gcc -D_GNU_SOURCE -include config-host.h -o /tmp/fio-conf--16112-.exe /tmp/fio-conf--16112-.c -lrt -lz
Compiling test case TCP_NODELAY
gcc -D_GNU_SOURCE -include config-host.h -o /tmp/fio-conf--16112-.exe /tmp/fio-conf--16112-.c -lrt -lz
Compiling test case RLIMIT_MEMLOCK
gcc -D_GNU_SOURCE -include config-host.h -o /tmp/fio-conf--16112-.exe /tmp/fio-conf--16112-.c -lrt -lz
Compiling test case pwritev
gcc -D_GNU_SOURCE -include config-host.h -o /tmp/fio-conf--16112-.exe /tmp/fio-conf--16112-.c -lrt -lz
Compiling test case ipv6
gcc -D_GNU_SOURCE -include config-host.h -o /tmp/fio-conf--16112-.exe /tmp/fio-conf--16112-.c -lrt -lz
Compiling test case rbd
gcc -D_GNU_SOURCE -include config-host.h -o /tmp/fio-conf--16112-.exe /tmp/fio-conf--16112-.c -lrbd -lrados -lrt -lz
/tmp/fio-conf--16112-.c:1:24: fatal error: rbd/librbd.h: No such file or directory
 #include <rbd/librbd.h>
                        ^
compilation terminated.
Compiling test case setvbuf
gcc -D_GNU_SOURCE -include config-host.h -o /tmp/fio-conf--16112-.exe /tmp/fio-conf--16112-.c -lrt -lz
Compiling test case gfapi
gcc -D_GNU_SOURCE -include config-host.h -o /tmp/fio-conf--16112-.exe /tmp/fio-conf--16112-.c -lgfapi -lglusterfs -lrt -lz
/tmp/fio-conf--16112-.c:1:32: fatal error: glusterfs/api/glfs.h: No such file or directory
 #include <glusterfs/api/glfs.h>
                                ^
compilation terminated.
Compiling test case gfapi
gcc -D_GNU_SOURCE -include config-host.h -o /tmp/fio-conf--16112-.exe /tmp/fio-conf--16112-.c -lgfapi -lglusterfs -lrt -lz
/tmp/fio-conf--16112-.c:1:32: fatal error: glusterfs/api/glfs.h: No such file or directory
 #include <glusterfs/api/glfs.h>
                                ^
compilation terminated.
Compiling test case s390_z196_facilities
gcc -D_GNU_SOURCE -include config-host.h -o /tmp/fio-conf--16112-.exe /tmp/fio-conf--16112-.c -lrt -lz
/tmp/fio-conf--16112-.c: Assembler messages:
/tmp/fio-conf--16112-.c:7: Error: unknown pseudo-op: `.machine'
/tmp/fio-conf--16112-.c:8: Error: unknown pseudo-op: `.machine'
/tmp/fio-conf--16112-.c:9: Error: no such instruction: `stfle %rcx'
/tmp/fio-conf--16112-.c:10: Error: unknown pseudo-op: `.machine'
